0 info it worked if it ends with ok
1 verbose cli [ '/Users/sebs/.nvm/versions/node/v6.3.1/bin/node',
1 verbose cli   '/Users/sebs/.nvm/versions/node/v6.3.1/bin/npm',
1 verbose cli   'publish' ]
2 info using npm@3.10.3
3 info using node@v6.3.1
4 verbose publish [ '.' ]
5 silly cache add args [ '.', null ]
6 verbose cache add spec .
7 silly cache add parsed spec Result {
7 silly cache add   raw: '.',
7 silly cache add   scope: null,
7 silly cache add   escapedName: null,
7 silly cache add   name: null,
7 silly cache add   rawSpec: '.',
7 silly cache add   spec: '/Users/sebs/projects/customers/upchain/capcoin',
7 silly cache add   type: 'directory' }
8 verbose addLocalDirectory /Users/sebs/.npm/capcoin/2.0.0/package.tgz not in flight; packing
9 verbose correctMkdir /Users/sebs/.npm correctMkdir not in flight; initializing
10 info lifecycle capcoin@2.0.0~prepublish: capcoin@2.0.0
11 silly lifecycle capcoin@2.0.0~prepublish: no script for prepublish, continuing
12 verbose tar pack [ '/Users/sebs/.npm/capcoin/2.0.0/package.tgz',
12 verbose tar pack   '/Users/sebs/projects/customers/upchain/capcoin' ]
13 verbose tarball /Users/sebs/.npm/capcoin/2.0.0/package.tgz
14 verbose folder /Users/sebs/projects/customers/upchain/capcoin
15 verbose addLocalTarball adding from inside cache /Users/sebs/.npm/capcoin/2.0.0/package.tgz
16 verbose correctMkdir /Users/sebs/.npm correctMkdir not in flight; initializing
17 silly cache afterAdd capcoin@2.0.0
18 verbose afterAdd /Users/sebs/.npm/capcoin/2.0.0/package/package.json not in flight; writing
19 verbose correctMkdir /Users/sebs/.npm correctMkdir not in flight; initializing
20 verbose afterAdd /Users/sebs/.npm/capcoin/2.0.0/package/package.json written
21 silly publish { name: 'capcoin',
21 silly publish   version: '2.0.0',
21 silly publish   description: 'Gets data from coincap.io in the CLI',
21 silly publish   main: 'cli.js',
21 silly publish   bin: { capcoin: './bin/capcoin' },
21 silly publish   scripts:
21 silly publish    { test: 'mocha',
21 silly publish      lint: 'jshint lib test',
21 silly publish      preversion: 'npm run lint',
21 silly publish      postversion: 'git push && git push --tags' },
21 silly publish   repository:
21 silly publish    { type: 'git',
21 silly publish      url: 'git+ssh://git@github.com/sebs/capcoin.git' },
21 silly publish   keywords: [ 'bitcoin', 'ethereum', 'dogecoin' ],
21 silly publish   author: { name: 'Sebastian Schürmann' },
21 silly publish   license: 'MIT',
21 silly publish   bugs: { url: 'https://github.com/sebs/capcoin/issues' },
21 silly publish   homepage: 'https://github.com/sebs/capcoin#readme',
21 silly publish   devDependencies:
21 silly publish    { chai: '^3.5.0',
21 silly publish      'child-process-promise': '^2.1.3',
21 silly publish      'marked-man': '^0.1.5',
21 silly publish      mocha: '^3.1.0' },
21 silly publish   dependencies:
21 silly publish    { babar: '0.0.3',
21 silly publish      'cli-table2': '^0.2.0',
21 silly publish      lodash: '^4.16.2',
21 silly publish      restify: '^4.1.1' },
21 silly publish   readme: '# capcoin - A cli interface for coincap\n\n[![npm version](https://badge.fury.io/js/capcoin.svg)](https://badge.fury.io/js/capcoin) [![Build Status](https://travis-ci.org/sebs/capcoin.svg?branch=master)](https://travis-ci.org/sebs/capcoin) [![Code Climate](https://codeclimate.com/github/sebs/capcoin/badges/gpa.svg)](https://codeclimate.com/github/sebs/capcoin)\n\n* Outputs JSON\n* supports the full GET API\n* sockets: upcoming\n\n\n![capcoin cli](./capcoin-cli.png "Comes with charts")\n\n## Usage\n\n* capcoin coins - Supported coins\n* capcoin map - object of Coin symbols/names and known aliases\n* capcoin front - frontpage data\n* capcoin global - global data\n* capcoin page - detail data\n* capcoin history - history data\n* capcoin charts - history data\n\n\n```bash\ncapcoin history -t 90day XXX --json\n90day\n{"market_cap":[],"price":[],"volume":[]}\n```\n\n## Install\n\n```bash\nnpm install capcoin -g\n```\n',
21 silly publish   readmeFilename: 'REadme.md',
21 silly publish   gitHead: '9fe861490d30bbd10321d4a6f35a96388e7005a7',
21 silly publish   _id: 'capcoin@2.0.0',
21 silly publish   _shasum: 'cda43fb296c35bb9cd6f205c258608ed75ca87cb',
21 silly publish   _from: '.' }
22 verbose getPublishConfig undefined
23 silly mapToRegistry name capcoin
24 silly mapToRegistry using default registry
25 silly mapToRegistry registry https://registry.npmjs.org/
26 silly mapToRegistry data Result {
26 silly mapToRegistry   raw: 'capcoin',
26 silly mapToRegistry   scope: null,
26 silly mapToRegistry   escapedName: 'capcoin',
26 silly mapToRegistry   name: 'capcoin',
26 silly mapToRegistry   rawSpec: '',
26 silly mapToRegistry   spec: 'latest',
26 silly mapToRegistry   type: 'tag' }
27 silly mapToRegistry uri https://registry.npmjs.org/capcoin
28 verbose publish registryBase https://registry.npmjs.org/
29 silly publish uploading /Users/sebs/.npm/capcoin/2.0.0/package.tgz
30 verbose request uri https://registry.npmjs.org/capcoin
31 verbose request sending authorization for write operation
32 info attempt registry request try #1 at 00:54:14
33 verbose request using bearer token for auth
34 verbose request id c93949192c32e765
35 http request PUT https://registry.npmjs.org/capcoin
36 http 403 https://registry.npmjs.org/capcoin
37 verbose headers { 'content-type': 'application/json',
37 verbose headers   'cache-control': 'max-age=300',
37 verbose headers   'content-length': '95',
37 verbose headers   'accept-ranges': 'bytes',
37 verbose headers   date: 'Wed, 28 Sep 2016 22:54:17 GMT',
37 verbose headers   via: '1.1 varnish',
37 verbose headers   connection: 'keep-alive',
37 verbose headers   'x-served-by': 'cache-fra1230-FRA',
37 verbose headers   'x-cache': 'MISS',
37 verbose headers   'x-cache-hits': '0',
37 verbose headers   'x-timer': 'S1475103255.840724,VS0,VE1710',
37 verbose headers   vary: 'Accept-Encoding' }
38 verbose request invalidating /Users/sebs/.npm/registry.npmjs.org/capcoin on PUT
39 error publish Failed PUT 403
40 verbose stack Error: "You cannot publish over the previously published version 2.0.0." : capcoin
40 verbose stack     at makeError (/Users/sebs/.nvm/versions/node/v6.3.1/lib/node_modules/npm/node_modules/npm-registry-client/lib/request.js:264:12)
40 verbose stack     at CachingRegistryClient.<anonymous> (/Users/sebs/.nvm/versions/node/v6.3.1/lib/node_modules/npm/node_modules/npm-registry-client/lib/request.js:252:14)
40 verbose stack     at Request._callback (/Users/sebs/.nvm/versions/node/v6.3.1/lib/node_modules/npm/node_modules/npm-registry-client/lib/request.js:172:14)
40 verbose stack     at Request.self.callback (/Users/sebs/.nvm/versions/node/v6.3.1/lib/node_modules/npm/node_modules/request/request.js:200:22)
40 verbose stack     at emitTwo (events.js:106:13)
40 verbose stack     at Request.emit (events.js:191:7)
40 verbose stack     at Request.<anonymous> (/Users/sebs/.nvm/versions/node/v6.3.1/lib/node_modules/npm/node_modules/request/request.js:1067:10)
40 verbose stack     at emitOne (events.js:101:20)
40 verbose stack     at Request.emit (events.js:188:7)
40 verbose stack     at IncomingMessage.<anonymous> (/Users/sebs/.nvm/versions/node/v6.3.1/lib/node_modules/npm/node_modules/request/request.js:988:12)
41 verbose statusCode 403
42 verbose pkgid capcoin
43 verbose cwd /Users/sebs/projects/customers/upchain/capcoin
44 error Darwin 15.6.0
45 error argv "/Users/sebs/.nvm/versions/node/v6.3.1/bin/node" "/Users/sebs/.nvm/versions/node/v6.3.1/bin/npm" "publish"
46 error node v6.3.1
47 error npm  v3.10.3
48 error code E403
49 error "You cannot publish over the previously published version 2.0.0." : capcoin
50 error If you need help, you may report this error at:
50 error     <https://github.com/npm/npm/issues>
51 verbose exit [ 1, true ]
